<?xml version="1.0" encoding="UTF-8"?>
<testsuite xmlns:xsi="http://www.w3.org/2001/XMLSchema-instance" xsi:noNamespaceSchemaLocation="https://maven.apache.org/surefire/maven-surefire-plugin/xsd/surefire-test-report-3.0.xsd" version="3.0" name="memory.TestSharedVector" time="0.016" tests="7" errors="0" skipped="0" failures="0">
  <properties>
[...]
</properties>
  <testcase name="TestGetandLength" classname="memory.TestSharedVector" time="0.0"/>
  <testcase name="testDotProductExceptions" classname="memory.TestSharedVector" time="0.01"/>
  <testcase name="TestNegate" classname="memory.TestSharedVector" time="0.0"/>
  <testcase name="TestOrientationAndTranspose" classname="memory.TestSharedVector" time="0.002"/>
  <testcase name="Testadd" classname="memory.TestSharedVector" time="0.001"/>
  <testcase name="Testdot" classname="memory.TestSharedVector" time="0.0"/>
  <testcase name="testAddExceptions" classname="memory.TestSharedVector" time="0.001"/>
</testsuite>